1728031199.790803 client started (854): version 3.3a, socket /private/tmp/tmux-502/default, protocol 8
1728031199.790904 on Darwin 23.6.0 Darwin Kernel Version 23.6.0: Mon Jul 29 21:14:30 PDT 2024; root:xnu-10063.141.2~1/RELEASE_ARM64_T6000
1728031199.791321 using libevent 2.1.12-stable (select); utf8proc 2.9.0; ncurses 6.0
1728031199.791348 flags are 0x10010000
1728031199.791356 socket is /private/tmp/tmux-502/default
1728031199.791372 trying connect
1728031199.791426 add peer 0x140008000: 6 (0x0)
1728031199.794380 sending message 100 to peer 0x140008000 (4 bytes)
1728031199.794391 sending message 111 to peer 0x140008000 (8 bytes)
1728031199.794397 sending message 101 to peer 0x140008000 (15 bytes)
1728031199.794403 sending message 109 to peer 0x140008000 (4 bytes)
1728031199.794409 sending message 102 to peer 0x140008000 (13 bytes)
1728031199.794415 sending message 108 to peer 0x140008000 (39 bytes)
1728031199.794421 sending message 112 to peer 0x140008000 (58 bytes)
1728031199.794427 sending message 112 to peer 0x140008000 (5 bytes)
1728031199.794433 sending message 112 to peer 0x140008000 (5 bytes)
1728031199.794438 sending message 112 to peer 0x140008000 (6 bytes)
1728031199.794444 sending message 112 to peer 0x140008000 (6 bytes)
1728031199.794450 sending message 112 to peer 0x140008000 (11 bytes)
1728031199.794455 sending message 112 to peer 0x140008000 (10 bytes)
1728031199.794461 sending message 112 to peer 0x140008000 (13 bytes)
1728031199.794467 sending message 112 to peer 0x140008000 (14 bytes)
1728031199.794473 sending message 112 to peer 0x140008000 (19 bytes)
1728031199.794479 sending message 112 to peer 0x140008000 (11 bytes)
1728031199.794484 sending message 112 to peer 0x140008000 (10 bytes)
1728031199.794490 sending message 112 to peer 0x140008000 (15 bytes)
1728031199.794496 sending message 112 to peer 0x140008000 (21 bytes)
1728031199.794501 sending message 112 to peer 0x140008000 (13 bytes)
1728031199.794507 sending message 112 to peer 0x140008000 (7 bytes)
1728031199.794512 sending message 112 to peer 0x140008000 (13 bytes)
1728031199.794518 sending message 112 to peer 0x140008000 (7 bytes)
1728031199.794523 sending message 112 to peer 0x140008000 (13 bytes)
1728031199.794529 sending message 112 to peer 0x140008000 (9 bytes)
1728031199.794535 sending message 112 to peer 0x140008000 (21 bytes)
1728031199.794540 sending message 112 to peer 0x140008000 (13 bytes)
1728031199.794546 sending message 112 to peer 0x140008000 (9 bytes)
1728031199.794551 sending message 112 to peer 0x140008000 (16 bytes)
1728031199.794557 sending message 112 to peer 0x140008000 (13 bytes)
1728031199.794562 sending message 112 to peer 0x140008000 (9 bytes)
1728031199.794568 sending message 112 to peer 0x140008000 (9 bytes)
1728031199.794573 sending message 112 to peer 0x140008000 (12 bytes)
1728031199.794579 sending message 112 to peer 0x140008000 (8 bytes)
1728031199.794584 sending message 112 to peer 0x140008000 (8 bytes)
1728031199.794590 sending message 112 to peer 0x140008000 (13 bytes)
1728031199.794596 sending message 112 to peer 0x140008000 (7 bytes)
1728031199.794602 sending message 112 to peer 0x140008000 (7 bytes)
1728031199.794607 sending message 112 to peer 0x140008000 (9 bytes)
1728031199.794613 sending message 112 to peer 0x140008000 (9 bytes)
1728031199.794619 sending message 112 to peer 0x140008000 (15 bytes)
1728031199.794624 sending message 112 to peer 0x140008000 (13 bytes)
1728031199.794630 sending message 112 to peer 0x140008000 (12 bytes)
1728031199.794636 sending message 112 to peer 0x140008000 (8 bytes)
1728031199.794641 sending message 112 to peer 0x140008000 (14 bytes)
1728031199.794647 sending message 112 to peer 0x140008000 (11 bytes)
1728031199.794652 sending message 112 to peer 0x140008000 (9 bytes)
1728031199.794658 sending message 112 to peer 0x140008000 (10 bytes)
1728031199.794663 sending message 112 to peer 0x140008000 (10 bytes)
1728031199.794669 sending message 112 to peer 0x140008000 (10 bytes)
1728031199.794675 sending message 112 to peer 0x140008000 (10 bytes)
1728031199.794680 sending message 112 to peer 0x140008000 (11 bytes)
1728031199.794701 sending message 112 to peer 0x140008000 (12 bytes)
1728031199.794706 sending message 112 to peer 0x140008000 (12 bytes)
1728031199.794710 sending message 112 to peer 0x140008000 (12 bytes)
1728031199.794714 sending message 112 to peer 0x140008000 (12 bytes)
1728031199.794718 sending message 112 to peer 0x140008000 (12 bytes)
1728031199.794722 sending message 112 to peer 0x140008000 (11 bytes)
1728031199.794726 sending message 112 to peer 0x140008000 (11 bytes)
1728031199.794729 sending message 112 to peer 0x140008000 (12 bytes)
1728031199.794733 sending message 112 to peer 0x140008000 (12 bytes)
1728031199.794737 sending message 112 to peer 0x140008000 (12 bytes)
1728031199.794741 sending message 112 to peer 0x140008000 (12 bytes)
1728031199.794745 sending message 112 to peer 0x140008000 (12 bytes)
1728031199.794748 sending message 112 to peer 0x140008000 (9 bytes)
1728031199.794752 sending message 112 to peer 0x140008000 (12 bytes)
1728031199.794756 sending message 112 to peer 0x140008000 (13 bytes)
1728031199.794759 sending message 112 to peer 0x140008000 (13 bytes)
1728031199.794763 sending message 112 to peer 0x140008000 (13 bytes)
1728031199.794767 sending message 112 to peer 0x140008000 (13 bytes)
1728031199.794771 sending message 112 to peer 0x140008000 (13 bytes)
1728031199.794774 sending message 112 to peer 0x140008000 (8 bytes)
1728031199.794778 sending message 112 to peer 0x140008000 (11 bytes)
1728031199.794782 sending message 112 to peer 0x140008000 (11 bytes)
1728031199.794791 sending message 112 to peer 0x140008000 (11 bytes)
1728031199.794795 sending message 112 to peer 0x140008000 (12 bytes)
1728031199.794799 sending message 112 to peer 0x140008000 (12 bytes)
1728031199.794802 sending message 112 to peer 0x140008000 (12 bytes)
1728031199.794806 sending message 112 to peer 0x140008000 (12 bytes)
1728031199.794810 sending message 112 to peer 0x140008000 (13 bytes)
1728031199.794814 sending message 112 to peer 0x140008000 (13 bytes)
1728031199.794817 sending message 112 to peer 0x140008000 (13 bytes)
1728031199.794845 sending message 112 to peer 0x140008000 (8 bytes)
1728031199.794857 sending message 112 to peer 0x140008000 (13 bytes)
1728031199.794861 sending message 112 to peer 0x140008000 (13 bytes)
1728031199.794864 sending message 112 to peer 0x140008000 (13 bytes)
1728031199.794867 sending message 112 to peer 0x140008000 (13 bytes)
1728031199.794870 sending message 112 to peer 0x140008000 (13 bytes)
1728031199.794889 sending message 112 to peer 0x140008000 (12 bytes)
1728031199.794893 sending message 112 to peer 0x140008000 (12 bytes)
1728031199.794895 sending message 112 to peer 0x140008000 (12 bytes)
1728031199.794898 sending message 112 to peer 0x140008000 (12 bytes)
1728031199.794900 sending message 112 to peer 0x140008000 (13 bytes)
1728031199.794903 sending message 112 to peer 0x140008000 (8 bytes)
1728031199.794905 sending message 112 to peer 0x140008000 (13 bytes)
1728031199.794908 sending message 112 to peer 0x140008000 (13 bytes)
1728031199.794910 sending message 112 to peer 0x140008000 (13 bytes)
1728031199.794941 sending message 112 to peer 0x140008000 (13 bytes)
1728031199.794967 sending message 112 to peer 0x140008000 (13 bytes)
1728031199.794972 sending message 112 to peer 0x140008000 (13 bytes)
1728031199.794976 sending message 112 to peer 0x140008000 (13 bytes)
1728031199.794979 sending message 112 to peer 0x140008000 (12 bytes)
1728031199.794982 sending message 112 to peer 0x140008000 (12 bytes)
1728031199.794985 sending message 112 to peer 0x140008000 (12 bytes)
1728031199.794987 sending message 112 to peer 0x140008000 (8 bytes)
1728031199.794990 sending message 112 to peer 0x140008000 (12 bytes)
1728031199.794993 sending message 112 to peer 0x140008000 (13 bytes)
1728031199.794995 sending message 112 to peer 0x140008000 (13 bytes)
1728031199.794998 sending message 112 to peer 0x140008000 (13 bytes)
1728031199.795001 sending message 112 to peer 0x140008000 (13 bytes)
1728031199.795003 sending message 112 to peer 0x140008000 (13 bytes)
1728031199.795017 sending message 112 to peer 0x140008000 (13 bytes)
1728031199.795020 sending message 112 to peer 0x140008000 (13 bytes)
1728031199.795022 sending message 112 to peer 0x140008000 (13 bytes)
1728031199.795025 sending message 112 to peer 0x140008000 (12 bytes)
1728031199.795027 sending message 112 to peer 0x140008000 (10 bytes)
1728031199.795030 sending message 112 to peer 0x140008000 (12 bytes)
1728031199.795033 sending message 112 to peer 0x140008000 (12 bytes)
1728031199.795035 sending message 112 to peer 0x140008000 (12 bytes)
1728031199.795038 sending message 112 to peer 0x140008000 (13 bytes)
1728031199.795040 sending message 112 to peer 0x140008000 (13 bytes)
1728031199.795043 sending message 112 to peer 0x140008000 (13 bytes)
1728031199.795045 sending message 112 to peer 0x140008000 (13 bytes)
1728031199.795048 sending message 112 to peer 0x140008000 (13 bytes)
1728031199.795050 sending message 112 to peer 0x140008000 (13 bytes)
1728031199.795053 sending message 112 to peer 0x140008000 (13 bytes)
1728031199.795055 sending message 112 to peer 0x140008000 (10 bytes)
1728031199.795058 sending message 112 to peer 0x140008000 (13 bytes)
1728031199.795060 sending message 112 to peer 0x140008000 (12 bytes)
1728031199.795063 sending message 112 to peer 0x140008000 (12 bytes)
1728031199.795065 sending message 112 to peer 0x140008000 (12 bytes)
1728031199.795068 sending message 112 to peer 0x140008000 (10 bytes)
1728031199.795070 sending message 112 to peer 0x140008000 (10 bytes)
1728031199.795073 sending message 112 to peer 0x140008000 (10 bytes)
1728031199.795075 sending message 112 to peer 0x140008000 (12 bytes)
1728031199.795078 sending message 112 to peer 0x140008000 (13 bytes)
1728031199.795080 sending message 112 to peer 0x140008000 (13 bytes)
1728031199.795083 sending message 112 to peer 0x140008000 (13 bytes)
1728031199.795085 sending message 112 to peer 0x140008000 (13 bytes)
1728031199.795087 sending message 112 to peer 0x140008000 (13 bytes)
1728031199.795090 sending message 112 to peer 0x140008000 (10 bytes)
1728031199.795092 sending message 112 to peer 0x140008000 (11 bytes)
1728031199.795095 sending message 112 to peer 0x140008000 (12 bytes)
1728031199.795097 sending message 112 to peer 0x140008000 (12 bytes)
1728031199.795100 sending message 112 to peer 0x140008000 (12 bytes)
1728031199.795102 sending message 112 to peer 0x140008000 (12 bytes)
1728031199.795105 sending message 112 to peer 0x140008000 (12 bytes)
1728031199.795107 sending message 112 to peer 0x140008000 (11 bytes)
1728031199.795110 sending message 112 to peer 0x140008000 (12 bytes)
1728031199.795112 sending message 112 to peer 0x140008000 (12 bytes)
1728031199.795114 sending message 112 to peer 0x140008000 (13 bytes)
1728031199.795117 sending message 112 to peer 0x140008000 (13 bytes)
1728031199.795119 sending message 112 to peer 0x140008000 (13 bytes)
1728031199.795122 sending message 112 to peer 0x140008000 (13 bytes)
1728031199.795124 sending message 112 to peer 0x140008000 (13 bytes)
1728031199.795127 sending message 112 to peer 0x140008000 (10 bytes)
1728031199.795129 sending message 112 to peer 0x140008000 (9 bytes)
1728031199.795132 sending message 112 to peer 0x140008000 (12 bytes)
1728031199.795134 sending message 112 to peer 0x140008000 (13 bytes)
1728031199.795137 sending message 112 to peer 0x140008000 (13 bytes)
1728031199.795139 sending message 112 to peer 0x140008000 (13 bytes)
1728031199.795142 sending message 112 to peer 0x140008000 (13 bytes)
1728031199.795144 sending message 112 to peer 0x140008000 (13 bytes)
1728031199.795147 sending message 112 to peer 0x140008000 (9 bytes)
1728031199.795149 sending message 112 to peer 0x140008000 (12 bytes)
1728031199.795152 sending message 112 to peer 0x140008000 (13 bytes)
1728031199.795154 sending message 112 to peer 0x140008000 (13 bytes)
1728031199.795156 sending message 112 to peer 0x140008000 (13 bytes)
1728031199.795159 sending message 112 to peer 0x140008000 (13 bytes)
1728031199.795161 sending message 112 to peer 0x140008000 (13 bytes)
1728031199.795164 sending message 112 to peer 0x140008000 (11 bytes)
1728031199.795171 sending message 112 to peer 0x140008000 (12 bytes)
1728031199.795173 sending message 112 to peer 0x140008000 (13 bytes)
1728031199.795176 sending message 112 to peer 0x140008000 (13 bytes)
1728031199.795178 sending message 112 to peer 0x140008000 (13 bytes)
1728031199.795180 sending message 112 to peer 0x140008000 (13 bytes)
1728031199.795183 sending message 112 to peer 0x140008000 (13 bytes)
1728031199.795185 sending message 112 to peer 0x140008000 (11 bytes)
1728031199.795188 sending message 112 to peer 0x140008000 (12 bytes)
1728031199.795190 sending message 112 to peer 0x140008000 (12 bytes)
1728031199.795192 sending message 112 to peer 0x140008000 (12 bytes)
1728031199.795195 sending message 112 to peer 0x140008000 (12 bytes)
1728031199.795197 sending message 112 to peer 0x140008000 (12 bytes)
1728031199.795200 sending message 112 to peer 0x140008000 (21 bytes)
1728031199.795204 sending message 112 to peer 0x140008000 (12 bytes)
1728031199.795207 sending message 112 to peer 0x140008000 (9 bytes)
1728031199.795209 sending message 112 to peer 0x140008000 (6 bytes)
1728031199.795212 sending message 112 to peer 0x140008000 (13 bytes)
1728031199.795214 sending message 112 to peer 0x140008000 (10 bytes)
1728031199.795217 sending message 112 to peer 0x140008000 (15 bytes)
1728031199.795220 sending message 112 to peer 0x140008000 (13 bytes)
1728031199.795222 sending message 112 to peer 0x140008000 (9 bytes)
1728031199.795225 sending message 112 to peer 0x140008000 (70 bytes)
1728031199.795229 sending message 112 to peer 0x140008000 (69 bytes)
1728031199.795232 sending message 112 to peer 0x140008000 (12 bytes)
1728031199.795234 sending message 112 to peer 0x140008000 (10 bytes)
1728031199.795237 sending message 112 to peer 0x140008000 (10 bytes)
1728031199.795239 sending message 112 to peer 0x140008000 (15 bytes)
1728031199.795242 sending message 112 to peer 0x140008000 (13 bytes)
1728031199.795244 sending message 112 to peer 0x140008000 (10 bytes)
1728031199.795247 sending message 112 to peer 0x140008000 (10 bytes)
1728031199.795249 sending message 112 to peer 0x140008000 (13 bytes)
1728031199.795251 sending message 112 to peer 0x140008000 (15 bytes)
1728031199.795254 sending message 112 to peer 0x140008000 (5 bytes)
1728031199.795258 sending message 104 to peer 0x140008000 (0 bytes)
1728031199.795262 sending message 110 to peer 0x140008000 (0 bytes)
1728031199.795265 sending message 107 to peer 0x140008000 (4 bytes)
1728031199.795268 sending message 105 to peer 0x140008000 (50 bytes)
1728031199.795272 sending message 105 to peer 0x140008000 (47 bytes)
1728031199.795274 sending message 105 to peer 0x140008000 (20 bytes)
1728031199.795277 sending message 105 to peer 0x140008000 (22 bytes)
1728031199.795279 sending message 105 to peer 0x140008000 (30 bytes)
1728031199.795282 sending message 105 to peer 0x140008000 (73 bytes)
1728031199.795285 sending message 105 to peer 0x140008000 (68 bytes)
1728031199.795287 sending message 105 to peer 0x140008000 (65 bytes)
1728031199.795289 sending message 105 to peer 0x140008000 (71 bytes)
1728031199.795292 sending message 105 to peer 0x140008000 (66 bytes)
1728031199.795294 sending message 105 to peer 0x140008000 (43 bytes)
1728031199.795297 sending message 105 to peer 0x140008000 (24 bytes)
1728031199.795299 sending message 105 to peer 0x140008000 (25 bytes)
1728031199.795302 sending message 105 to peer 0x140008000 (37 bytes)
1728031199.795304 sending message 105 to peer 0x140008000 (30 bytes)
1728031199.795307 sending message 105 to peer 0x140008000 (34 bytes)
1728031199.795309 sending message 105 to peer 0x140008000 (35 bytes)
1728031199.795312 sending message 105 to peer 0x140008000 (35 bytes)
1728031199.795314 sending message 105 to peer 0x140008000 (17 bytes)
1728031199.795317 sending message 105 to peer 0x140008000 (21 bytes)
1728031199.795319 sending message 105 to peer 0x140008000 (54 bytes)
1728031199.795321 sending message 105 to peer 0x140008000 (60 bytes)
1728031199.795324 sending message 105 to peer 0x140008000 (16 bytes)
1728031199.795333 sending message 105 to peer 0x140008000 (33 bytes)
1728031199.795335 sending message 105 to peer 0x140008000 (69 bytes)
1728031199.795338 sending message 105 to peer 0x140008000 (46 bytes)
1728031199.795341 sending message 105 to peer 0x140008000 (651 bytes)
1728031199.795351 sending message 105 to peer 0x140008000 (43 bytes)
1728031199.795355 sending message 105 to peer 0x140008000 (24 bytes)
1728031199.795357 sending message 105 to peer 0x140008000 (15 bytes)
1728031199.795360 sending message 105 to peer 0x140008000 (8 bytes)
1728031199.795362 sending message 105 to peer 0x140008000 (66 bytes)
1728031199.795365 sending message 105 to peer 0x140008000 (38 bytes)
1728031199.795367 sending message 105 to peer 0x140008000 (19 bytes)
1728031199.795370 sending message 105 to peer 0x140008000 (20 bytes)
1728031199.795372 sending message 105 to peer 0x140008000 (18 bytes)
1728031199.795374 sending message 105 to peer 0x140008000 (26 bytes)
1728031199.795377 sending message 105 to peer 0x140008000 (57 bytes)
1728031199.795379 sending message 105 to peer 0x140008000 (43 bytes)
1728031199.795382 sending message 105 to peer 0x140008000 (13 bytes)
1728031199.795384 sending message 105 to peer 0x140008000 (60 bytes)
1728031199.795387 sending message 105 to peer 0x140008000 (18 bytes)
1728031199.795389 sending message 105 to peer 0x140008000 (39 bytes)
1728031199.795392 sending message 105 to peer 0x140008000 (53 bytes)
1728031199.795394 sending message 105 to peer 0x140008000 (72 bytes)
1728031199.795396 sending message 105 to peer 0x140008000 (64 bytes)
1728031199.795399 sending message 105 to peer 0x140008000 (15 bytes)
1728031199.795401 sending message 105 to peer 0x140008000 (76 bytes)
1728031199.795404 sending message 105 to peer 0x140008000 (14 bytes)
1728031199.795406 sending message 105 to peer 0x140008000 (19 bytes)
1728031199.795409 sending message 105 to peer 0x140008000 (44 bytes)
1728031199.795411 sending message 105 to peer 0x140008000 (38 bytes)
1728031199.795414 sending message 105 to peer 0x140008000 (17 bytes)
1728031199.795416 sending message 105 to peer 0x140008000 (22 bytes)
1728031199.795419 sending message 106 to peer 0x140008000 (0 bytes)
1728031199.795487 sending message 200 to peer 0x140008000 (4 bytes)
1728031199.795492 client loop enter
1728031199.795697 peer 0x140008000 message 303
1728031199.795722 open write file 2 -
1728031199.795756 sending message 305 to peer 0x140008000 (8 bytes)
1728031199.795769 write check file 2
1728031199.795791 peer 0x140008000 message 304
1728031199.795797 write 58 to file 2
1728031199.795805 peer 0x140008000 message 203
1728031199.795808 file 2 58 bytes left
1728031199.795822 write check file 2
1728031199.795825 client loop exit
