1728031229.476933 client started (911): version 3.3a, socket /private/tmp/tmux-502/default, protocol 8
1728031229.477003 on Darwin 23.6.0 Darwin Kernel Version 23.6.0: Mon Jul 29 21:14:30 PDT 2024; root:xnu-10063.141.2~1/RELEASE_ARM64_T6000
1728031229.477014 using libevent 2.1.12-stable (select); utf8proc 2.9.0; ncurses 6.0
1728031229.477031 flags are 0x10010000
1728031229.477036 socket is /private/tmp/tmux-502/default
1728031229.477050 trying connect
1728031229.477111 add peer 0x120008000: 6 (0x0)
1728031229.479841 sending message 100 to peer 0x120008000 (4 bytes)
1728031229.479864 sending message 111 to peer 0x120008000 (8 bytes)
1728031229.479870 sending message 101 to peer 0x120008000 (15 bytes)
1728031229.479875 sending message 109 to peer 0x120008000 (4 bytes)
1728031229.479880 sending message 102 to peer 0x120008000 (13 bytes)
1728031229.479884 sending message 108 to peer 0x120008000 (39 bytes)
1728031229.479889 sending message 112 to peer 0x120008000 (58 bytes)
1728031229.479895 sending message 112 to peer 0x120008000 (5 bytes)
1728031229.479900 sending message 112 to peer 0x120008000 (5 bytes)
1728031229.479904 sending message 112 to peer 0x120008000 (6 bytes)
1728031229.479908 sending message 112 to peer 0x120008000 (6 bytes)
1728031229.479912 sending message 112 to peer 0x120008000 (11 bytes)
1728031229.479916 sending message 112 to peer 0x120008000 (10 bytes)
1728031229.479920 sending message 112 to peer 0x120008000 (13 bytes)
1728031229.479924 sending message 112 to peer 0x120008000 (14 bytes)
1728031229.479928 sending message 112 to peer 0x120008000 (19 bytes)
1728031229.479932 sending message 112 to peer 0x120008000 (11 bytes)
1728031229.479936 sending message 112 to peer 0x120008000 (10 bytes)
1728031229.479940 sending message 112 to peer 0x120008000 (15 bytes)
1728031229.479944 sending message 112 to peer 0x120008000 (21 bytes)
1728031229.479949 sending message 112 to peer 0x120008000 (13 bytes)
1728031229.479953 sending message 112 to peer 0x120008000 (7 bytes)
1728031229.479957 sending message 112 to peer 0x120008000 (13 bytes)
1728031229.479961 sending message 112 to peer 0x120008000 (7 bytes)
1728031229.479965 sending message 112 to peer 0x120008000 (13 bytes)
1728031229.479969 sending message 112 to peer 0x120008000 (9 bytes)
1728031229.479973 sending message 112 to peer 0x120008000 (21 bytes)
1728031229.479977 sending message 112 to peer 0x120008000 (13 bytes)
1728031229.479981 sending message 112 to peer 0x120008000 (9 bytes)
1728031229.479985 sending message 112 to peer 0x120008000 (16 bytes)
1728031229.479989 sending message 112 to peer 0x120008000 (13 bytes)
1728031229.479993 sending message 112 to peer 0x120008000 (9 bytes)
1728031229.479998 sending message 112 to peer 0x120008000 (9 bytes)
1728031229.480002 sending message 112 to peer 0x120008000 (12 bytes)
1728031229.480006 sending message 112 to peer 0x120008000 (8 bytes)
1728031229.480009 sending message 112 to peer 0x120008000 (8 bytes)
1728031229.480013 sending message 112 to peer 0x120008000 (13 bytes)
1728031229.480017 sending message 112 to peer 0x120008000 (7 bytes)
1728031229.480021 sending message 112 to peer 0x120008000 (7 bytes)
1728031229.480025 sending message 112 to peer 0x120008000 (9 bytes)
1728031229.480029 sending message 112 to peer 0x120008000 (9 bytes)
1728031229.480033 sending message 112 to peer 0x120008000 (15 bytes)
1728031229.480037 sending message 112 to peer 0x120008000 (13 bytes)
1728031229.480041 sending message 112 to peer 0x120008000 (12 bytes)
1728031229.480045 sending message 112 to peer 0x120008000 (8 bytes)
1728031229.480049 sending message 112 to peer 0x120008000 (14 bytes)
1728031229.480053 sending message 112 to peer 0x120008000 (11 bytes)
1728031229.480057 sending message 112 to peer 0x120008000 (9 bytes)
1728031229.480061 sending message 112 to peer 0x120008000 (10 bytes)
1728031229.480065 sending message 112 to peer 0x120008000 (10 bytes)
1728031229.480069 sending message 112 to peer 0x120008000 (10 bytes)
1728031229.480073 sending message 112 to peer 0x120008000 (10 bytes)
1728031229.480077 sending message 112 to peer 0x120008000 (11 bytes)
1728031229.480093 sending message 112 to peer 0x120008000 (12 bytes)
1728031229.480096 sending message 112 to peer 0x120008000 (12 bytes)
1728031229.480098 sending message 112 to peer 0x120008000 (12 bytes)
1728031229.480101 sending message 112 to peer 0x120008000 (12 bytes)
1728031229.480104 sending message 112 to peer 0x120008000 (12 bytes)
1728031229.480107 sending message 112 to peer 0x120008000 (11 bytes)
1728031229.480109 sending message 112 to peer 0x120008000 (11 bytes)
1728031229.480112 sending message 112 to peer 0x120008000 (12 bytes)
1728031229.480115 sending message 112 to peer 0x120008000 (12 bytes)
1728031229.480117 sending message 112 to peer 0x120008000 (12 bytes)
1728031229.480120 sending message 112 to peer 0x120008000 (12 bytes)
1728031229.480122 sending message 112 to peer 0x120008000 (12 bytes)
1728031229.480125 sending message 112 to peer 0x120008000 (9 bytes)
1728031229.480128 sending message 112 to peer 0x120008000 (12 bytes)
1728031229.480131 sending message 112 to peer 0x120008000 (13 bytes)
1728031229.480134 sending message 112 to peer 0x120008000 (13 bytes)
1728031229.480136 sending message 112 to peer 0x120008000 (13 bytes)
1728031229.480139 sending message 112 to peer 0x120008000 (13 bytes)
1728031229.480142 sending message 112 to peer 0x120008000 (13 bytes)
1728031229.480144 sending message 112 to peer 0x120008000 (8 bytes)
1728031229.480147 sending message 112 to peer 0x120008000 (11 bytes)
1728031229.480150 sending message 112 to peer 0x120008000 (11 bytes)
1728031229.480153 sending message 112 to peer 0x120008000 (11 bytes)
1728031229.480155 sending message 112 to peer 0x120008000 (12 bytes)
1728031229.480158 sending message 112 to peer 0x120008000 (12 bytes)
1728031229.480161 sending message 112 to peer 0x120008000 (12 bytes)
1728031229.480164 sending message 112 to peer 0x120008000 (12 bytes)
1728031229.480166 sending message 112 to peer 0x120008000 (13 bytes)
1728031229.480169 sending message 112 to peer 0x120008000 (13 bytes)
1728031229.480172 sending message 112 to peer 0x120008000 (13 bytes)
1728031229.480174 sending message 112 to peer 0x120008000 (8 bytes)
1728031229.480177 sending message 112 to peer 0x120008000 (13 bytes)
1728031229.480180 sending message 112 to peer 0x120008000 (13 bytes)
1728031229.480182 sending message 112 to peer 0x120008000 (13 bytes)
1728031229.480185 sending message 112 to peer 0x120008000 (13 bytes)
1728031229.480188 sending message 112 to peer 0x120008000 (13 bytes)
1728031229.480190 sending message 112 to peer 0x120008000 (12 bytes)
1728031229.480193 sending message 112 to peer 0x120008000 (12 bytes)
1728031229.480195 sending message 112 to peer 0x120008000 (12 bytes)
1728031229.480198 sending message 112 to peer 0x120008000 (12 bytes)
1728031229.480201 sending message 112 to peer 0x120008000 (13 bytes)
1728031229.480203 sending message 112 to peer 0x120008000 (8 bytes)
1728031229.480206 sending message 112 to peer 0x120008000 (13 bytes)
1728031229.480209 sending message 112 to peer 0x120008000 (13 bytes)
1728031229.480211 sending message 112 to peer 0x120008000 (13 bytes)
1728031229.480214 sending message 112 to peer 0x120008000 (13 bytes)
1728031229.480217 sending message 112 to peer 0x120008000 (13 bytes)
1728031229.480219 sending message 112 to peer 0x120008000 (13 bytes)
1728031229.480222 sending message 112 to peer 0x120008000 (13 bytes)
1728031229.480225 sending message 112 to peer 0x120008000 (12 bytes)
1728031229.480227 sending message 112 to peer 0x120008000 (12 bytes)
1728031229.480230 sending message 112 to peer 0x120008000 (12 bytes)
1728031229.480233 sending message 112 to peer 0x120008000 (8 bytes)
1728031229.480235 sending message 112 to peer 0x120008000 (12 bytes)
1728031229.480238 sending message 112 to peer 0x120008000 (13 bytes)
1728031229.480241 sending message 112 to peer 0x120008000 (13 bytes)
1728031229.480243 sending message 112 to peer 0x120008000 (13 bytes)
1728031229.480246 sending message 112 to peer 0x120008000 (13 bytes)
1728031229.480249 sending message 112 to peer 0x120008000 (13 bytes)
1728031229.480257 sending message 112 to peer 0x120008000 (13 bytes)
1728031229.480260 sending message 112 to peer 0x120008000 (13 bytes)
1728031229.480263 sending message 112 to peer 0x120008000 (13 bytes)
1728031229.480265 sending message 112 to peer 0x120008000 (12 bytes)
1728031229.480268 sending message 112 to peer 0x120008000 (10 bytes)
1728031229.480271 sending message 112 to peer 0x120008000 (12 bytes)
1728031229.480273 sending message 112 to peer 0x120008000 (12 bytes)
1728031229.480276 sending message 112 to peer 0x120008000 (12 bytes)
1728031229.480279 sending message 112 to peer 0x120008000 (13 bytes)
1728031229.480281 sending message 112 to peer 0x120008000 (13 bytes)
1728031229.480284 sending message 112 to peer 0x120008000 (13 bytes)
1728031229.480287 sending message 112 to peer 0x120008000 (13 bytes)
1728031229.480289 sending message 112 to peer 0x120008000 (13 bytes)
1728031229.480292 sending message 112 to peer 0x120008000 (13 bytes)
1728031229.480295 sending message 112 to peer 0x120008000 (13 bytes)
1728031229.480298 sending message 112 to peer 0x120008000 (10 bytes)
1728031229.480300 sending message 112 to peer 0x120008000 (13 bytes)
1728031229.480303 sending message 112 to peer 0x120008000 (12 bytes)
1728031229.480306 sending message 112 to peer 0x120008000 (12 bytes)
1728031229.480309 sending message 112 to peer 0x120008000 (12 bytes)
1728031229.480311 sending message 112 to peer 0x120008000 (10 bytes)
1728031229.480314 sending message 112 to peer 0x120008000 (10 bytes)
1728031229.480317 sending message 112 to peer 0x120008000 (10 bytes)
1728031229.480320 sending message 112 to peer 0x120008000 (12 bytes)
1728031229.480322 sending message 112 to peer 0x120008000 (13 bytes)
1728031229.480325 sending message 112 to peer 0x120008000 (13 bytes)
1728031229.480328 sending message 112 to peer 0x120008000 (13 bytes)
1728031229.480331 sending message 112 to peer 0x120008000 (13 bytes)
1728031229.480334 sending message 112 to peer 0x120008000 (13 bytes)
1728031229.480337 sending message 112 to peer 0x120008000 (10 bytes)
1728031229.480339 sending message 112 to peer 0x120008000 (11 bytes)
1728031229.480342 sending message 112 to peer 0x120008000 (12 bytes)
1728031229.480345 sending message 112 to peer 0x120008000 (12 bytes)
1728031229.480348 sending message 112 to peer 0x120008000 (12 bytes)
1728031229.480350 sending message 112 to peer 0x120008000 (12 bytes)
1728031229.480353 sending message 112 to peer 0x120008000 (12 bytes)
1728031229.480356 sending message 112 to peer 0x120008000 (11 bytes)
1728031229.480359 sending message 112 to peer 0x120008000 (12 bytes)
1728031229.480362 sending message 112 to peer 0x120008000 (12 bytes)
1728031229.480364 sending message 112 to peer 0x120008000 (13 bytes)
1728031229.480367 sending message 112 to peer 0x120008000 (13 bytes)
1728031229.480370 sending message 112 to peer 0x120008000 (13 bytes)
1728031229.480373 sending message 112 to peer 0x120008000 (13 bytes)
1728031229.480375 sending message 112 to peer 0x120008000 (13 bytes)
1728031229.480378 sending message 112 to peer 0x120008000 (10 bytes)
1728031229.480381 sending message 112 to peer 0x120008000 (9 bytes)
1728031229.480384 sending message 112 to peer 0x120008000 (12 bytes)
1728031229.480386 sending message 112 to peer 0x120008000 (13 bytes)
1728031229.480389 sending message 112 to peer 0x120008000 (13 bytes)
1728031229.480392 sending message 112 to peer 0x120008000 (13 bytes)
1728031229.480394 sending message 112 to peer 0x120008000 (13 bytes)
1728031229.480397 sending message 112 to peer 0x120008000 (13 bytes)
1728031229.480399 sending message 112 to peer 0x120008000 (9 bytes)
1728031229.480402 sending message 112 to peer 0x120008000 (12 bytes)
1728031229.480405 sending message 112 to peer 0x120008000 (13 bytes)
1728031229.480407 sending message 112 to peer 0x120008000 (13 bytes)
1728031229.480410 sending message 112 to peer 0x120008000 (13 bytes)
1728031229.480413 sending message 112 to peer 0x120008000 (13 bytes)
1728031229.480415 sending message 112 to peer 0x120008000 (13 bytes)
1728031229.480418 sending message 112 to peer 0x120008000 (11 bytes)
1728031229.480425 sending message 112 to peer 0x120008000 (12 bytes)
1728031229.480428 sending message 112 to peer 0x120008000 (13 bytes)
1728031229.480431 sending message 112 to peer 0x120008000 (13 bytes)
1728031229.480433 sending message 112 to peer 0x120008000 (13 bytes)
1728031229.480436 sending message 112 to peer 0x120008000 (13 bytes)
1728031229.480439 sending message 112 to peer 0x120008000 (13 bytes)
1728031229.480441 sending message 112 to peer 0x120008000 (11 bytes)
1728031229.480444 sending message 112 to peer 0x120008000 (12 bytes)
1728031229.480447 sending message 112 to peer 0x120008000 (12 bytes)
1728031229.480449 sending message 112 to peer 0x120008000 (12 bytes)
1728031229.480452 sending message 112 to peer 0x120008000 (12 bytes)
1728031229.480455 sending message 112 to peer 0x120008000 (12 bytes)
1728031229.480457 sending message 112 to peer 0x120008000 (21 bytes)
1728031229.480460 sending message 112 to peer 0x120008000 (12 bytes)
1728031229.480463 sending message 112 to peer 0x120008000 (9 bytes)
1728031229.480465 sending message 112 to peer 0x120008000 (6 bytes)
1728031229.480468 sending message 112 to peer 0x120008000 (13 bytes)
1728031229.480471 sending message 112 to peer 0x120008000 (10 bytes)
1728031229.480473 sending message 112 to peer 0x120008000 (15 bytes)
1728031229.480476 sending message 112 to peer 0x120008000 (13 bytes)
1728031229.480478 sending message 112 to peer 0x120008000 (9 bytes)
1728031229.480481 sending message 112 to peer 0x120008000 (70 bytes)
1728031229.480486 sending message 112 to peer 0x120008000 (69 bytes)
1728031229.480489 sending message 112 to peer 0x120008000 (12 bytes)
1728031229.480491 sending message 112 to peer 0x120008000 (10 bytes)
1728031229.480494 sending message 112 to peer 0x120008000 (10 bytes)
1728031229.480497 sending message 112 to peer 0x120008000 (15 bytes)
1728031229.480499 sending message 112 to peer 0x120008000 (13 bytes)
1728031229.480502 sending message 112 to peer 0x120008000 (10 bytes)
1728031229.480505 sending message 112 to peer 0x120008000 (10 bytes)
1728031229.480508 sending message 112 to peer 0x120008000 (13 bytes)
1728031229.480510 sending message 112 to peer 0x120008000 (15 bytes)
1728031229.480513 sending message 112 to peer 0x120008000 (5 bytes)
1728031229.480517 sending message 104 to peer 0x120008000 (0 bytes)
1728031229.480523 sending message 110 to peer 0x120008000 (0 bytes)
1728031229.480527 sending message 107 to peer 0x120008000 (4 bytes)
1728031229.480530 sending message 105 to peer 0x120008000 (50 bytes)
1728031229.480533 sending message 105 to peer 0x120008000 (47 bytes)
1728031229.480535 sending message 105 to peer 0x120008000 (20 bytes)
1728031229.480538 sending message 105 to peer 0x120008000 (22 bytes)
1728031229.480541 sending message 105 to peer 0x120008000 (30 bytes)
1728031229.480544 sending message 105 to peer 0x120008000 (73 bytes)
1728031229.480546 sending message 105 to peer 0x120008000 (68 bytes)
1728031229.480549 sending message 105 to peer 0x120008000 (65 bytes)
1728031229.480552 sending message 105 to peer 0x120008000 (71 bytes)
1728031229.480554 sending message 105 to peer 0x120008000 (66 bytes)
1728031229.480557 sending message 105 to peer 0x120008000 (43 bytes)
1728031229.480560 sending message 105 to peer 0x120008000 (24 bytes)
1728031229.480562 sending message 105 to peer 0x120008000 (25 bytes)
1728031229.480565 sending message 105 to peer 0x120008000 (37 bytes)
1728031229.480568 sending message 105 to peer 0x120008000 (30 bytes)
1728031229.480570 sending message 105 to peer 0x120008000 (34 bytes)
1728031229.480573 sending message 105 to peer 0x120008000 (35 bytes)
1728031229.480576 sending message 105 to peer 0x120008000 (35 bytes)
1728031229.480578 sending message 105 to peer 0x120008000 (17 bytes)
1728031229.480581 sending message 105 to peer 0x120008000 (21 bytes)
1728031229.480584 sending message 105 to peer 0x120008000 (54 bytes)
1728031229.480586 sending message 105 to peer 0x120008000 (60 bytes)
1728031229.480590 sending message 105 to peer 0x120008000 (16 bytes)
1728031229.480599 sending message 105 to peer 0x120008000 (33 bytes)
1728031229.480602 sending message 105 to peer 0x120008000 (69 bytes)
1728031229.480605 sending message 105 to peer 0x120008000 (46 bytes)
1728031229.480608 sending message 105 to peer 0x120008000 (651 bytes)
1728031229.480611 sending message 105 to peer 0x120008000 (43 bytes)
1728031229.480613 sending message 105 to peer 0x120008000 (24 bytes)
1728031229.480616 sending message 105 to peer 0x120008000 (15 bytes)
1728031229.480619 sending message 105 to peer 0x120008000 (8 bytes)
1728031229.480622 sending message 105 to peer 0x120008000 (66 bytes)
1728031229.480624 sending message 105 to peer 0x120008000 (38 bytes)
1728031229.480627 sending message 105 to peer 0x120008000 (19 bytes)
1728031229.480630 sending message 105 to peer 0x120008000 (20 bytes)
1728031229.480632 sending message 105 to peer 0x120008000 (18 bytes)
1728031229.480635 sending message 105 to peer 0x120008000 (26 bytes)
1728031229.480640 sending message 105 to peer 0x120008000 (57 bytes)
1728031229.480643 sending message 105 to peer 0x120008000 (43 bytes)
1728031229.480645 sending message 105 to peer 0x120008000 (13 bytes)
1728031229.480648 sending message 105 to peer 0x120008000 (60 bytes)
1728031229.480651 sending message 105 to peer 0x120008000 (18 bytes)
1728031229.480654 sending message 105 to peer 0x120008000 (39 bytes)
1728031229.480656 sending message 105 to peer 0x120008000 (53 bytes)
1728031229.480659 sending message 105 to peer 0x120008000 (72 bytes)
1728031229.480662 sending message 105 to peer 0x120008000 (64 bytes)
1728031229.480665 sending message 105 to peer 0x120008000 (15 bytes)
1728031229.480668 sending message 105 to peer 0x120008000 (76 bytes)
1728031229.480671 sending message 105 to peer 0x120008000 (14 bytes)
1728031229.480673 sending message 105 to peer 0x120008000 (19 bytes)
1728031229.480676 sending message 105 to peer 0x120008000 (44 bytes)
1728031229.480679 sending message 105 to peer 0x120008000 (38 bytes)
1728031229.480681 sending message 105 to peer 0x120008000 (17 bytes)
1728031229.480684 sending message 105 to peer 0x120008000 (22 bytes)
1728031229.480687 sending message 106 to peer 0x120008000 (0 bytes)
1728031229.480756 sending message 200 to peer 0x120008000 (4 bytes)
1728031229.480760 client loop enter
1728031229.481074 peer 0x120008000 message 303
1728031229.481097 open write file 2 -
1728031229.481119 sending message 305 to peer 0x120008000 (8 bytes)
1728031229.481136 write check file 2
1728031229.481188 peer 0x120008000 message 304
1728031229.481200 write 58 to file 2
1728031229.481209 peer 0x120008000 message 203
1728031229.481215 file 2 58 bytes left
1728031229.481226 write check file 2
1728031229.481230 client loop exit
